[2025-03-04 06:43:21] local.ERROR: SQLSTATE[23514]: Check violation: 7 ERROR:  new row for relation "products" violates check constraint "products_category_check"
DETAIL:  Failing row contains (1, Contemporary Dining Table, A sleek and modern dining table perfect for family meals., 499.99, furniture, img1, t, null, null). (Connection: pgsql, SQL: insert into "products" ("category", "description", "image", "isFeatured", "price", "title") values (furniture, A sleek and modern dining table perfect for family meals., img1, 1, 499.99, Contemporary Dining Table), (furniture, A comfortable sofa with soft upholstery that enhances any living space., img2, 0, 899.99, Plush Living Room Sofa), (furniture, A refined dining sofa set ideal for hosting elegant dinners., img3, 1, 749.99, Elegant Banquet Sofa), (lighting, A stylish table lamp featuring an Art Deco design that brightens any room., img4, 0, 129.99, Art Deco Table Lamp), (furniture, A premium leather sofa with superior comfort and sophisticated style., img5, 1, 1199.99, Luxurious Leather Sofa), (furniture, A modern sofa with a minimalist design and inviting comfort., img6, 0, 799.99, Cozy Modern Sofa), (furniture, A versatile sofa bed that effortlessly transitions from seating to sleeping space., img7, 1, 649.99, Convertible Sofa Bed Deluxe), (furniture, A contemporary accent chair designed for both comfort and style., img8, 0, 199.99, Ergonomic Accent Chair), (furniture, A charming wooden table that brings a rustic feel to any dining area., img1, 0, 399.99, Rustic Farmhouse Table), (furniture, A spacious sectional sofa with a modern design and plush cushions., img2, 1, 999.99, Contemporary Sectional Sofa), (furniture, A stylish dining sofa that combines luxury with practical comfort., img3, 0, 849.99, Designer Dining Lounge), (lighting, A sleek floor lamp with a minimalist design to enhance ambient lighting., img4, 1, 149.99, Minimalist Floor Lamp), (furniture, A classic chesterfield leather sofa that exudes elegance and comfort., img5, 0, 1399.99, Executive Leather Chesterfield), (furniture, A generously sized sofa designed for family gatherings and relaxation., img6, 1, 699.99, Family Comfort Sofa), (furniture, A space-saving sofa bed ideal for compact apartments and studios., img7, 0, 549.99, Urban Studio Sofa Bed), (furniture, A timeless wingback chair that combines vintage charm with modern comfort., img8, 1, 259.99, Vintage Wingback Chair), (furniture, A striking glass dining table with a sleek metal frame for a modern look., img1, 0, 599.99, Modern Glass Dining Table), (furniture, A stylish sofa with high-quality upholstery that fits any living room., img2, 1, 849.99, Upholstered Contemporary Sofa), (furniture, An exquisite dining sofa designed to elevate your hosting experience., img3, 0, 799.99, Sophisticated Banquet Seating), (lighting, A bold pendant lamp with an industrial design that stands out., img4, 1, 179.99, Industrial Pendant Lamp), (furniture, A contemporary leather sofa with refined detailing and superior comfort., img5, 0, 1299.99, Modern Luxe Leather Sofa), (furniture, A relaxed sofa designed for everyday comfort and modern style., img6, 1, 749.99, Casual Urban Sofa), (furniture, A practical sofa bed offering a comfortable sleep solution in small spaces., img7, 0, 499.99, Compact Sleeper Sofa), (furniture, An ergonomic office chair designed to support long hours of work., img8, 1, 299.99, Modern Office Chair), (furniture, A robust dining table crafted from solid wood, blending tradition and style., img1, 0, 549.99, Heritage Wood Dining Table), (furniture, A reclining sofa with plush cushions and luxurious fabric for optimal relaxation., img2, 1, 1099.99, Luxury Reclining Sofa), (furniture, A modern dining sofa with clean lines and contemporary design details., img3, 0, 899.99, Sleek Urban Dining Sofa), (lighting, An energy-efficient LED lamp with a contemporary design for stylish illumination., img4, 1, 159.99, Contemporary LED Lamp), (furniture, An exquisitely designed leather sofa with Italian craftsmanship and style., img5, 0, 1499.99, Chic Italian Leather Sofa)) {"exception":"[object] (Illuminate\\Database\\QueryException(code: 23514): SQLSTATE[23514]: Check violation: 7 ERROR:  new row for relation \"products\" violates check constraint \"products_category_check\"
DETAIL:  Failing row contains (1, Contemporary Dining Table, A sleek and modern dining table perfect for family meals., 499.99, furniture, img1, t, null, null). (Connection: pgsql, SQL: insert into \"products\" (\"category\", \"description\", \"image\", \"isFeatured\", \"price\", \"title\") values (furniture, A sleek and modern dining table perfect for family meals., img1, 1, 499.99, Contemporary Dining Table), (furniture, A comfortable sofa with soft upholstery that enhances any living space., img2, 0, 899.99, Plush Living Room Sofa), (furniture, A refined dining sofa set ideal for hosting elegant dinners., img3, 1, 749.99, Elegant Banquet Sofa), (lighting, A stylish table lamp featuring an Art Deco design that brightens any room., img4, 0, 129.99, Art Deco Table Lamp), (furniture, A premium leather sofa with superior comfort and sophisticated style., img5, 1, 1199.99, Luxurious Leather Sofa), (furniture, A modern sofa with a minimalist design and inviting comfort., img6, 0, 799.99, Cozy Modern Sofa), (furniture, A versatile sofa bed that effortlessly transitions from seating to sleeping space., img7, 1, 649.99, Convertible Sofa Bed Deluxe), (furniture, A contemporary accent chair designed for both comfort and style., img8, 0, 199.99, Ergonomic Accent Chair), (furniture, A charming wooden table that brings a rustic feel to any dining area., img1, 0, 399.99, Rustic Farmhouse Table), (furniture, A spacious sectional sofa with a modern design and plush cushions., img2, 1, 999.99, Contemporary Sectional Sofa), (furniture, A stylish dining sofa that combines luxury with practical comfort., img3, 0, 849.99, Designer Dining Lounge), (lighting, A sleek floor lamp with a minimalist design to enhance ambient lighting., img4, 1, 149.99, Minimalist Floor Lamp), (furniture, A classic chesterfield leather sofa that exudes elegance and comfort., img5, 0, 1399.99, Executive Leather Chesterfield), (furniture, A generously sized sofa designed for family gatherings and relaxation., img6, 1, 699.99, Family Comfort Sofa), (furniture, A space-saving sofa bed ideal for compact apartments and studios., img7, 0, 549.99, Urban Studio Sofa Bed), (furniture, A timeless wingback chair that combines vintage charm with modern comfort., img8, 1, 259.99, Vintage Wingback Chair), (furniture, A striking glass dining table with a sleek metal frame for a modern look., img1, 0, 599.99, Modern Glass Dining Table), (furniture, A stylish sofa with high-quality upholstery that fits any living room., img2, 1, 849.99, Upholstered Contemporary Sofa), (furniture, An exquisite dining sofa designed to elevate your hosting experience., img3, 0, 799.99, Sophisticated Banquet Seating), (lighting, A bold pendant lamp with an industrial design that stands out., img4, 1, 179.99, Industrial Pendant Lamp), (furniture, A contemporary leather sofa with refined detailing and superior comfort., img5, 0, 1299.99, Modern Luxe Leather Sofa), (furniture, A relaxed sofa designed for everyday comfort and modern style., img6, 1, 749.99, Casual Urban Sofa), (furniture, A practical sofa bed offering a comfortable sleep solution in small spaces., img7, 0, 499.99, Compact Sleeper Sofa), (furniture, An ergonomic office chair designed to support long hours of work., img8, 1, 299.99, Modern Office Chair), (furniture, A robust dining table crafted from solid wood, blending tradition and style., img1, 0, 549.99, Heritage Wood Dining Table), (furniture, A reclining sofa with plush cushions and luxurious fabric for optimal relaxation., img2, 1, 1099.99, Luxury Reclining Sofa), (furniture, A modern dining sofa with clean lines and contemporary design details., img3, 0, 899.99, Sleek Urban Dining Sofa), (lighting, An energy-efficient LED lamp with a contemporary design for stylish illumination., img4, 1, 159.99, Contemporary LED Lamp), (furniture, An exquisitely designed leather sofa with Italian craftsmanship and style., img5, 0, 1499.99, Chic Italian Leather Sofa)) at /home/engintech/Full-Stack-E-Commerce/Back-End/vendor/laravel/framework/src/Illuminate/Database/Connection.php:825)
[stacktrace]
#0 /home/engintech/Full-Stack-E-Commerce/Back-End/vendor/laravel/framework/src/Illuminate/Database/Connection.php(779): Illuminate\\Database\\Connection->runQueryCallback()
#1 /home/engintech/Full-Stack-E-Commerce/Back-End/vendor/laravel/framework/src/Illuminate/Database/Connection.php(560): Illuminate\\Database\\Connection->run()
#2 /home/engintech/Full-Stack-E-Commerce/Back-End/vendor/laravel/framework/src/Illuminate/Database/Connection.php(524): Illuminate\\Database\\Connection->statement()
#3 /home/engintech/Full-Stack-E-Commerce/Back-End/vendor/laravel/framework/src/Illuminate/Database/Query/Builder.php(3717): Illuminate\\Database\\Connection->insert()
#4 /home/engintech/Full-Stack-E-Commerce/Back-End/database/seeders/ProductSeeder.php(280): Illuminate\\Database\\Query\\Builder->insert()
#5 /home/engintech/Full-Stack-E-Commerce/Back-End/vendor/laravel/framework/src/Illuminate/Container/BoundMethod.php(36): Database\\Seeders\\ProductSeeder->run()
#6 /home/engintech/Full-Stack-E-Commerce/Back-End/vendor/laravel/framework/src/Illuminate/Container/Util.php(43): Illuminate\\Container\\BoundMethod::Illuminate\\Container\\{closure}()
#7 /home/engintech/Full-Stack-E-Commerce/Back-End/vendor/laravel/framework/src/Illuminate/Container/BoundMethod.php(95): Illuminate\\Container\\Util::unwrapIfClosure()
#8 /home/engintech/Full-Stack-E-Commerce/Back-End/vendor/laravel/framework/src/Illuminate/Container/BoundMethod.php(35): Illuminate\\Container\\BoundMethod::callBoundMethod()
#9 /home/engintech/Full-Stack-E-Commerce/Back-End/vendor/laravel/framework/src/Illuminate/Container/Container.php(696): Illuminate\\Container\\BoundMethod::call()
#10 /home/engintech/Full-Stack-E-Commerce/Back-End/vendor/laravel/framework/src/Illuminate/Database/Seeder.php(184): Illuminate\\Container\\Container->call()
#11 /home/engintech/Full-Stack-E-Commerce/Back-End/vendor/laravel/framework/src/Illuminate/Database/Seeder.php(193): Illuminate\\Database\\Seeder->Illuminate\\Database\\{closure}()
#12 /home/engintech/Full-Stack-E-Commerce/Back-End/vendor/laravel/framework/src/Illuminate/Database/Console/Seeds/SeedCommand.php(70): Illuminate\\Database\\Seeder->__invoke()
#13 /home/engintech/Full-Stack-E-Commerce/Back-End/vendor/laravel/framework/src/Illuminate/Database/Eloquent/Concerns/GuardsAttributes.php(155): Illuminate\\Database\\Console\\Seeds\\SeedCommand->Illuminate\\Database\\Console\\Seeds\\{closure}()
#14 /home/engintech/Full-Stack-E-Commerce/Back-End/vendor/laravel/framework/src/Illuminate/Database/Console/Seeds/SeedCommand.php(69): Illuminate\\Database\\Eloquent\\Model::unguarded()
#15 /home/engintech/Full-Stack-E-Commerce/Back-End/vendor/laravel/framework/src/Illuminate/Container/BoundMethod.php(36): Illuminate\\Database\\Console\\Seeds\\SeedCommand->handle()
#16 /home/engintech/Full-Stack-E-Commerce/Back-End/vendor/laravel/framework/src/Illuminate/Container/Util.php(43): Illuminate\\Container\\BoundMethod::Illuminate\\Container\\{closure}()
#17 /home/engintech/Full-Stack-E-Commerce/Back-End/vendor/laravel/framework/src/Illuminate/Container/BoundMethod.php(95): Illuminate\\Container\\Util::unwrapIfClosure()
#18 /home/engintech/Full-Stack-E-Commerce/Back-End/vendor/laravel/framework/src/Illuminate/Container/BoundMethod.php(35): Illuminate\\Container\\BoundMethod::callBoundMethod()
#19 /home/engintech/Full-Stack-E-Commerce/Back-End/vendor/laravel/framework/src/Illuminate/Container/Container.php(696): Illuminate\\Container\\BoundMethod::call()
#20 /home/engintech/Full-Stack-E-Commerce/Back-End/vendor/laravel/framework/src/Illuminate/Console/Command.php(213): Illuminate\\Container\\Container->call()
#21 /home/engintech/Full-Stack-E-Commerce/Back-End/vendor/symfony/console/Command/Command.php(279): Illuminate\\Console\\Command->execute()
#22 /home/engintech/Full-Stack-E-Commerce/Back-End/vendor/laravel/framework/src/Illuminate/Console/Command.php(182): Symfony\\Component\\Console\\Command\\Command->run()
#23 /home/engintech/Full-Stack-E-Commerce/Back-End/vendor/symfony/console/Application.php(1094): Illuminate\\Console\\Command->run()
#24 /home/engintech/Full-Stack-E-Commerce/Back-End/vendor/symfony/console/Application.php(342): Symfony\\Component\\Console\\Application->doRunCommand()
#25 /home/engintech/Full-Stack-E-Commerce/Back-End/vendor/symfony/console/Application.php(193): Symfony\\Component\\Console\\Application->doRun()
#26 /home/engintech/Full-Stack-E-Commerce/Back-End/vendor/laravel/framework/src/Illuminate/Foundation/Console/Kernel.php(198): Symfony\\Component\\Console\\Application->run()
#27 /home/engintech/Full-Stack-E-Commerce/Back-End/vendor/laravel/framework/src/Illuminate/Foundation/Application.php(1235): Illuminate\\Foundation\\Console\\Kernel->handle()
#28 /home/engintech/Full-Stack-E-Commerce/Back-End/artisan(13): Illuminate\\Foundation\\Application->handleCommand()
#29 {main}

[previous exception] [object] (PDOException(code: 23514): SQLSTATE[23514]: Check violation: 7 ERROR:  new row for relation \"products\" violates check constraint \"products_category_check\"
DETAIL:  Failing row contains (1, Contemporary Dining Table, A sleek and modern dining table perfect for family meals., 499.99, furniture, img1, t, null, null). at /home/engintech/Full-Stack-E-Commerce/Back-End/vendor/laravel/framework/src/Illuminate/Database/Connection.php:571)
[stacktrace]
#0 /home/engintech/Full-Stack-E-Commerce/Back-End/vendor/laravel/framework/src/Illuminate/Database/Connection.php(571): PDOStatement->execute()
#1 /home/engintech/Full-Stack-E-Commerce/Back-End/vendor/laravel/framework/src/Illuminate/Database/Connection.php(812): Illuminate\\Database\\Connection->Illuminate\\Database\\{closure}()
#2 /home/engintech/Full-Stack-E-Commerce/Back-End/vendor/laravel/framework/src/Illuminate/Database/Connection.php(779): Illuminate\\Database\\Connection->runQueryCallback()
#3 /home/engintech/Full-Stack-E-Commerce/Back-End/vendor/laravel/framework/src/Illuminate/Database/Connection.php(560): Illuminate\\Database\\Connection->run()
#4 /home/engintech/Full-Stack-E-Commerce/Back-End/vendor/laravel/framework/src/Illuminate/Database/Connection.php(524): Illuminate\\Database\\Connection->statement()
#5 /home/engintech/Full-Stack-E-Commerce/Back-End/vendor/laravel/framework/src/Illuminate/Database/Query/Builder.php(3717): Illuminate\\Database\\Connection->insert()
#6 /home/engintech/Full-Stack-E-Commerce/Back-End/database/seeders/ProductSeeder.php(280): Illuminate\\Database\\Query\\Builder->insert()
#7 /home/engintech/Full-Stack-E-Commerce/Back-End/vendor/laravel/framework/src/Illuminate/Container/BoundMethod.php(36): Database\\Seeders\\ProductSeeder->run()
#8 /home/engintech/Full-Stack-E-Commerce/Back-End/vendor/laravel/framework/src/Illuminate/Container/Util.php(43): Illuminate\\Container\\BoundMethod::Illuminate\\Container\\{closure}()
#9 /home/engintech/Full-Stack-E-Commerce/Back-End/vendor/laravel/framework/src/Illuminate/Container/BoundMethod.php(95): Illuminate\\Container\\Util::unwrapIfClosure()
#10 /home/engintech/Full-Stack-E-Commerce/Back-End/vendor/laravel/framework/src/Illuminate/Container/BoundMethod.php(35): Illuminate\\Container\\BoundMethod::callBoundMethod()
#11 /home/engintech/Full-Stack-E-Commerce/Back-End/vendor/laravel/framework/src/Illuminate/Container/Container.php(696): Illuminate\\Container\\BoundMethod::call()
#12 /home/engintech/Full-Stack-E-Commerce/Back-End/vendor/laravel/framework/src/Illuminate/Database/Seeder.php(184): Illuminate\\Container\\Container->call()
#13 /home/engintech/Full-Stack-E-Commerce/Back-End/vendor/laravel/framework/src/Illuminate/Database/Seeder.php(193): Illuminate\\Database\\Seeder->Illuminate\\Database\\{closure}()
#14 /home/engintech/Full-Stack-E-Commerce/Back-End/vendor/laravel/framework/src/Illuminate/Database/Console/Seeds/SeedCommand.php(70): Illuminate\\Database\\Seeder->__invoke()
#15 /home/engintech/Full-Stack-E-Commerce/Back-End/vendor/laravel/framework/src/Illuminate/Database/Eloquent/Concerns/GuardsAttributes.php(155): Illuminate\\Database\\Console\\Seeds\\SeedCommand->Illuminate\\Database\\Console\\Seeds\\{closure}()
#16 /home/engintech/Full-Stack-E-Commerce/Back-End/vendor/laravel/framework/src/Illuminate/Database/Console/Seeds/SeedCommand.php(69): Illuminate\\Database\\Eloquent\\Model::unguarded()
#17 /home/engintech/Full-Stack-E-Commerce/Back-End/vendor/laravel/framework/src/Illuminate/Container/BoundMethod.php(36): Illuminate\\Database\\Console\\Seeds\\SeedCommand->handle()
#18 /home/engintech/Full-Stack-E-Commerce/Back-End/vendor/laravel/framework/src/Illuminate/Container/Util.php(43): Illuminate\\Container\\BoundMethod::Illuminate\\Container\\{closure}()
#19 /home/engintech/Full-Stack-E-Commerce/Back-End/vendor/laravel/framework/src/Illuminate/Container/BoundMethod.php(95): Illuminate\\Container\\Util::unwrapIfClosure()
#20 /home/engintech/Full-Stack-E-Commerce/Back-End/vendor/laravel/framework/src/Illuminate/Container/BoundMethod.php(35): Illuminate\\Container\\BoundMethod::callBoundMethod()
#21 /home/engintech/Full-Stack-E-Commerce/Back-End/vendor/laravel/framework/src/Illuminate/Container/Container.php(696): Illuminate\\Container\\BoundMethod::call()
#22 /home/engintech/Full-Stack-E-Commerce/Back-End/vendor/laravel/framework/src/Illuminate/Console/Command.php(213): Illuminate\\Container\\Container->call()
#23 /home/engintech/Full-Stack-E-Commerce/Back-End/vendor/symfony/console/Command/Command.php(279): Illuminate\\Console\\Command->execute()
#24 /home/engintech/Full-Stack-E-Commerce/Back-End/vendor/laravel/framework/src/Illuminate/Console/Command.php(182): Symfony\\Component\\Console\\Command\\Command->run()
#25 /home/engintech/Full-Stack-E-Commerce/Back-End/vendor/symfony/console/Application.php(1094): Illuminate\\Console\\Command->run()
#26 /home/engintech/Full-Stack-E-Commerce/Back-End/vendor/symfony/console/Application.php(342): Symfony\\Component\\Console\\Application->doRunCommand()
#27 /home/engintech/Full-Stack-E-Commerce/Back-End/vendor/symfony/console/Application.php(193): Symfony\\Component\\Console\\Application->doRun()
#28 /home/engintech/Full-Stack-E-Commerce/Back-End/vendor/laravel/framework/src/Illuminate/Foundation/Console/Kernel.php(198): Symfony\\Component\\Console\\Application->run()
#29 /home/engintech/Full-Stack-E-Commerce/Back-End/vendor/laravel/framework/src/Illuminate/Foundation/Application.php(1235): Illuminate\\Foundation\\Console\\Kernel->handle()
#30 /home/engintech/Full-Stack-E-Commerce/Back-End/artisan(13): Illuminate\\Foundation\\Application->handleCommand()
#31 {main}
"} 
[2025-03-04 07:44:10] local.ERROR: SQLSTATE[23502]: Not null violation: 7 ERROR:  null value in column "isFeatured" of relation "products" violates not-null constraint
DETAIL:  Failing row contains (29, Chic Italia Leather Sofa, An exquisitely designed leather sofa with Italian craftsmanship ..., 1499.99, furniture, img5, null, null, 2025-03-04 07:44:10). (Connection: pgsql, SQL: update "products" set "title" = Chic Italia Leather Sofa, "isFeatured" = ?, "updated_at" = 2025-03-04 07:44:10 where "id" = 29) {"exception":"[object] (Illuminate\\Database\\QueryException(code: 23502): SQLSTATE[23502]: Not null violation: 7 ERROR:  null value in column \"isFeatured\" of relation \"products\" violates not-null constraint
DETAIL:  Failing row contains (29, Chic Italia Leather Sofa, An exquisitely designed leather sofa with Italian craftsmanship ..., 1499.99, furniture, img5, null, null, 2025-03-04 07:44:10). (Connection: pgsql, SQL: update \"products\" set \"title\" = Chic Italia Leather Sofa, \"isFeatured\" = ?, \"updated_at\" = 2025-03-04 07:44:10 where \"id\" = 29) at /home/engintech/Full-Stack-E-Commerce/Back-End/vendor/laravel/framework/src/Illuminate/Database/Connection.php:825)
[stacktrace]
#0 /home/engintech/Full-Stack-E-Commerce/Back-End/vendor/laravel/framework/src/Illuminate/Database/Connection.php(779): Illuminate\\Database\\Connection->runQueryCallback()
#1 /home/engintech/Full-Stack-E-Commerce/Back-End/vendor/laravel/framework/src/Illuminate/Database/Connection.php(584): Illuminate\\Database\\Connection->run()
#2 /home/engintech/Full-Stack-E-Commerce/Back-End/vendor/laravel/framework/src/Illuminate/Database/Connection.php(536): Illuminate\\Database\\Connection->affectingStatement()
#3 /home/engintech/Full-Stack-E-Commerce/Back-End/vendor/laravel/framework/src/Illuminate/Database/Query/Builder.php(3830): Illuminate\\Database\\Connection->update()
#4 /home/engintech/Full-Stack-E-Commerce/Back-End/vendor/laravel/framework/src/Illuminate/Database/Eloquent/Builder.php(1163): Illuminate\\Database\\Query\\Builder->update()
#5 /home/engintech/Full-Stack-E-Commerce/Back-End/vendor/laravel/framework/src/Illuminate/Database/Eloquent/Model.php(1239): Illuminate\\Database\\Eloquent\\Builder->update()
#6 /home/engintech/Full-Stack-E-Commerce/Back-End/vendor/laravel/framework/src/Illuminate/Database/Eloquent/Model.php(1156): Illuminate\\Database\\Eloquent\\Model->performUpdate()
#7 /home/engintech/Full-Stack-E-Commerce/Back-End/vendor/laravel/framework/src/Illuminate/Database/Eloquent/Model.php(1014): Illuminate\\Database\\Eloquent\\Model->save()
#8 /home/engintech/Full-Stack-E-Commerce/Back-End/vendor/backpack/crud/src/app/Library/CrudPanel/Traits/Update.php(39): Illuminate\\Database\\Eloquent\\Model->update()
#9 /home/engintech/Full-Stack-E-Commerce/Back-End/vendor/backpack/crud/src/app/Library/CrudPanel/Traits/Update.php(34): Backpack\\CRUD\\app\\Library\\CrudPanel\\CrudPanel->updateModelAndRelations()
#10 /home/engintech/Full-Stack-E-Commerce/Back-End/vendor/backpack/crud/src/app/Http/Controllers/Operations/UpdateOperation.php(103): Backpack\\CRUD\\app\\Library\\CrudPanel\\CrudPanel->update()
#11 /home/engintech/Full-Stack-E-Commerce/Back-End/vendor/laravel/framework/src/Illuminate/Routing/Controller.php(54): App\\Http\\Controllers\\Admin\\ProductCrudController->update()
#12 /home/engintech/Full-Stack-E-Commerce/Back-End/vendor/laravel/framework/src/Illuminate/Routing/ControllerDispatcher.php(44): Illuminate\\Routing\\Controller->callAction()
#13 /home/engintech/Full-Stack-E-Commerce/Back-End/vendor/laravel/framework/src/Illuminate/Routing/Route.php(266): Illuminate\\Routing\\ControllerDispatcher->dispatch()
#14 /home/engintech/Full-Stack-E-Commerce/Back-End/vendor/laravel/framework/src/Illuminate/Routing/Route.php(212): Illuminate\\Routing\\Route->runController()
#15 /home/engintech/Full-Stack-E-Commerce/Back-End/vendor/laravel/framework/src/Illuminate/Routing/Router.php(808): Illuminate\\Routing\\Route->run()
#16 /home/engintech/Full-Stack-E-Commerce/Back-End/vendor/laravel/framework/src/Illuminate/Pipeline/Pipeline.php(170): Illuminate\\Routing\\Router->Illuminate\\Routing\\{closure}()
#17 /home/engintech/Full-Stack-E-Commerce/Back-End/vendor/backpack/crud/src/app/Http/Controllers/CrudController.php(47): Illuminate\\Pipeline\\Pipeline->Illuminate\\Pipeline\\{closure}()
#18 /home/engintech/Full-Stack-E-Commerce/Back-End/vendor/laravel/framework/src/Illuminate/Pipeline/Pipeline.php(191): Backpack\\CRUD\\app\\Http\\Controllers\\CrudController->Backpack\\CRUD\\app\\Http\\Controllers\\{closure}()
#19 /home/engintech/Full-Stack-E-Commerce/Back-End/vendor/laravel/framework/src/Illuminate/Foundation/Http/Middleware/TransformsRequest.php(21): Illuminate\\Pipeline\\Pipeline->Illuminate\\Pipeline\\{closure}()
#20 /home/engintech/Full-Stack-E-Commerce/Back-End/vendor/laravel/framework/src/Illuminate/Foundation/Http/Middleware/ConvertEmptyStringsToNull.php(31): Illuminate\\Foundation\\Http\\Middleware\\TransformsRequest->handle()
#21 /home/engintech/Full-Stack-E-Commerce/Back-End/vendor/laravel/framework/src/Illuminate/Pipeline/Pipeline.php(209): Illuminate\\Foundation\\Http\\Middleware\\ConvertEmptyStringsToNull->handle()
#22 /home/engintech/Full-Stack-E-Commerce/Back-End/app/Http/Middleware/CheckIfAdmin.php(66): Illuminate\\Pipeline\\Pipeline->Illuminate\\Pipeline\\{closure}()
#23 /home/engintech/Full-Stack-E-Commerce/Back-End/vendor/laravel/framework/src/Illuminate/Pipeline/Pipeline.php(209): App\\Http\\Middleware\\CheckIfAdmin->handle()
#24 /home/engintech/Full-Stack-E-Commerce/Back-End/vendor/laravel/framework/src/Illuminate/Routing/Middleware/SubstituteBindings.php(51): Illuminate\\Pipeline\\Pipeline->Illuminate\\Pipeline\\{closure}()
#25 /home/engintech/Full-Stack-E-Commerce/Back-End/vendor/laravel/framework/src/Illuminate/Pipeline/Pipeline.php(209): Illuminate\\Routing\\Middleware\\SubstituteBindings->handle()
#26 /home/engintech/Full-Stack-E-Commerce/Back-End/vendor/backpack/crud/src/app/Http/Middleware/AuthenticateSession.php(62): Illuminate\\Pipeline\\Pipeline->Illuminate\\Pipeline\\{closure}()
#27 /home/engintech/Full-Stack-E-Commerce/Back-End/vendor/laravel/framework/src/Illuminate/Pipeline/Pipeline.php(209): Backpack\\CRUD\\app\\Http\\Middleware\\AuthenticateSession->handle()
#28 /home/engintech/Full-Stack-E-Commerce/Back-End/vendor/laravel/framework/src/Illuminate/Foundation/Http/Middleware/VerifyCsrfToken.php(88): Illuminate\\Pipeline\\Pipeline->Illuminate\\Pipeline\\{closure}()
#29 /home/engintech/Full-Stack-E-Commerce/Back-End/vendor/laravel/framework/src/Illuminate/Pipeline/Pipeline.php(209): Illuminate\\Foundation\\Http\\Middleware\\VerifyCsrfToken->handle()
#30 /home/engintech/Full-Stack-E-Commerce/Back-End/vendor/laravel/framework/src/Illuminate/View/Middleware/ShareErrorsFromSession.php(49): Illuminate\\Pipeline\\Pipeline->Illuminate\\Pipeline\\{closure}()
#31 /home/engintech/Full-Stack-E-Commerce/Back-End/vendor/laravel/framework/src/Illuminate/Pipeline/Pipeline.php(209): Illuminate\\View\\Middleware\\ShareErrorsFromSession->handle()
#32 /home/engintech/Full-Stack-E-Commerce/Back-End/vendor/laravel/framework/src/Illuminate/Session/Middleware/StartSession.php(121): Illuminate\\Pipeline\\Pipeline->Illuminate\\Pipeline\\{closure}()
#33 /home/engintech/Full-Stack-E-Commerce/Back-End/vendor/laravel/framework/src/Illuminate/Session/Middleware/StartSession.php(64): Illuminate\\Session\\Middleware\\StartSession->handleStatefulRequest()
#34 /home/engintech/Full-Stack-E-Commerce/Back-End/vendor/laravel/framework/src/Illuminate/Pipeline/Pipeline.php(209): Illuminate\\Session\\Middleware\\StartSession->handle()
#35 /home/engintech/Full-Stack-E-Commerce/Back-End/vendor/laravel/framework/src/Illuminate/Cookie/Middleware/AddQueuedCookiesToResponse.php(37): Illuminate\\Pipeline\\Pipeline->Illuminate\\Pipeline\\{closure}()
#36 /home/engintech/Full-Stack-E-Commerce/Back-End/vendor/laravel/framework/src/Illuminate/Pipeline/Pipeline.php(209): Illuminate\\Cookie\\Middleware\\AddQueuedCookiesToResponse->handle()
#37 /home/engintech/Full-Stack-E-Commerce/Back-End/vendor/laravel/framework/src/Illuminate/Cookie/Middleware/EncryptCookies.php(75): Illuminate\\Pipeline\\Pipeline->Illuminate\\Pipeline\\{closure}()
#38 /home/engintech/Full-Stack-E-Commerce/Back-End/vendor/laravel/framework/src/Illuminate/Pipeline/Pipeline.php(209): Illuminate\\Cookie\\Middleware\\EncryptCookies->handle()
#39 /home/engintech/Full-Stack-E-Commerce/Back-End/vendor/laravel/framework/src/Illuminate/Pipeline/Pipeline.php(127): Illuminate\\Pipeline\\Pipeline->Illuminate\\Pipeline\\{closure}()
#40 /home/engintech/Full-Stack-E-Commerce/Back-End/vendor/laravel/framework/src/Illuminate/Routing/Router.php(807): Illuminate\\Pipeline\\Pipeline->then()
#41 /home/engintech/Full-Stack-E-Commerce/Back-End/vendor/laravel/framework/src/Illuminate/Routing/Router.php(786): Illuminate\\Routing\\Router->runRouteWithinStack()
#42 /home/engintech/Full-Stack-E-Commerce/Back-End/vendor/laravel/framework/src/Illuminate/Routing/Router.php(750): Illuminate\\Routing\\Router->runRoute()
#43 /home/engintech/Full-Stack-E-Commerce/Back-End/vendor/laravel/framework/src/Illuminate/Routing/Router.php(739): Illuminate\\Routing\\Router->dispatchToRoute()
#44 /home/engintech/Full-Stack-E-Commerce/Back-End/vendor/laravel/framework/src/Illuminate/Foundation/Http/Kernel.php(201): Illuminate\\Routing\\Router->dispatch()
#45 /home/engintech/Full-Stack-E-Commerce/Back-End/vendor/laravel/framework/src/Illuminate/Pipeline/Pipeline.php(170): Illuminate\\Foundation\\Http\\Kernel->Illuminate\\Foundation\\Http\\{closure}()
#46 /home/engintech/Full-Stack-E-Commerce/Back-End/vendor/laravel/framework/src/Illuminate/Foundation/Http/Middleware/TransformsRequest.php(21): Illuminate\\Pipeline\\Pipeline->Illuminate\\Pipeline\\{closure}()
#47 /home/engintech/Full-Stack-E-Commerce/Back-End/vendor/laravel/framework/src/Illuminate/Foundation/Http/Middleware/ConvertEmptyStringsToNull.php(31): Illuminate\\Foundation\\Http\\Middleware\\TransformsRequest->handle()
#48 /home/engintech/Full-Stack-E-Commerce/Back-End/vendor/laravel/framework/src/Illuminate/Pipeline/Pipeline.php(209): Illuminate\\Foundation\\Http\\Middleware\\ConvertEmptyStringsToNull->handle()
#49 /home/engintech/Full-Stack-E-Commerce/Back-End/vendor/laravel/framework/src/Illuminate/Foundation/Http/Middleware/TransformsRequest.php(21): Illuminate\\Pipeline\\Pipeline->Illuminate\\Pipeline\\{closure}()
#50 /home/engintech/Full-Stack-E-Commerce/Back-End/vendor/laravel/framework/src/Illuminate/Foundation/Http/Middleware/TrimStrings.php(51): Illuminate\\Foundation\\Http\\Middleware\\TransformsRequest->handle()
#51 /home/engintech/Full-Stack-E-Commerce/Back-End/vendor/laravel/framework/src/Illuminate/Pipeline/Pipeline.php(209): Illuminate\\Foundation\\Http\\Middleware\\TrimStrings->handle()
#52 /home/engintech/Full-Stack-E-Commerce/Back-End/vendor/laravel/framework/src/Illuminate/Http/Middleware/ValidatePostSize.php(27): Illuminate\\Pipeline\\Pipeline->Illuminate\\Pipeline\\{closure}()
#53 /home/engintech/Full-Stack-E-Commerce/Back-End/vendor/laravel/framework/src/Illuminate/Pipeline/Pipeline.php(209): Illuminate\\Http\\Middleware\\ValidatePostSize->handle()
#54 /home/engintech/Full-Stack-E-Commerce/Back-End/vendor/laravel/framework/src/Illuminate/Foundation/Http/Middleware/PreventRequestsDuringMaintenance.php(110): Illuminate\\Pipeline\\Pipeline->Illuminate\\Pipeline\\{closure}()
#55 /home/engintech/Full-Stack-E-Commerce/Back-End/vendor/laravel/framework/src/Illuminate/Pipeline/Pipeline.php(209): Illuminate\\Foundation\\Http\\Middleware\\PreventRequestsDuringMaintenance->handle()
#56 /home/engintech/Full-Stack-E-Commerce/Back-End/vendor/laravel/framework/src/Illuminate/Http/Middleware/HandleCors.php(49): Illuminate\\Pipeline\\Pipeline->Illuminate\\Pipeline\\{closure}()
#57 /home/engintech/Full-Stack-E-Commerce/Back-End/vendor/laravel/framework/src/Illuminate/Pipeline/Pipeline.php(209): Illuminate\\Http\\Middleware\\HandleCors->handle()
#58 /home/engintech/Full-Stack-E-Commerce/Back-End/vendor/laravel/framework/src/Illuminate/Http/Middleware/TrustProxies.php(58): Illuminate\\Pipeline\\Pipeline->Illuminate\\Pipeline\\{closure}()
#59 /home/engintech/Full-Stack-E-Commerce/Back-End/vendor/laravel/framework/src/Illuminate/Pipeline/Pipeline.php(209): Illuminate\\Http\\Middleware\\TrustProxies->handle()
#60 /home/engintech/Full-Stack-E-Commerce/Back-End/vendor/laravel/framework/src/Illuminate/Foundation/Http/Middleware/InvokeDeferredCallbacks.php(22): Illuminate\\Pipeline\\Pipeline->Illuminate\\Pipeline\\{closure}()
#61 /home/engintech/Full-Stack-E-Commerce/Back-End/vendor/laravel/framework/src/Illuminate/Pipeline/Pipeline.php(209): Illuminate\\Foundation\\Http\\Middleware\\InvokeDeferredCallbacks->handle()
#62 /home/engintech/Full-Stack-E-Commerce/Back-End/vendor/laravel/framework/src/Illuminate/Pipeline/Pipeline.php(127): Illuminate\\Pipeline\\Pipeline->Illuminate\\Pipeline\\{closure}()
#63 /home/engintech/Full-Stack-E-Commerce/Back-End/vendor/laravel/framework/src/Illuminate/Foundation/Http/Kernel.php(176): Illuminate\\Pipeline\\Pipeline->then()
#64 /home/engintech/Full-Stack-E-Commerce/Back-End/vendor/laravel/framework/src/Illuminate/Foundation/Http/Kernel.php(145): Illuminate\\Foundation\\Http\\Kernel->sendRequestThroughRouter()
#65 /home/engintech/Full-Stack-E-Commerce/Back-End/vendor/laravel/framework/src/Illuminate/Foundation/Application.php(1220): Illuminate\\Foundation\\Http\\Kernel->handle()
#66 /home/engintech/Full-Stack-E-Commerce/Back-End/public/index.php(17): Illuminate\\Foundation\\Application->handleRequest()
#67 /home/engintech/Full-Stack-E-Commerce/Back-End/vendor/laravel/framework/src/Illuminate/Foundation/resources/server.php(23): require_once('...')
#68 {main}

[previous exception] [object] (PDOException(code: 23502): SQLSTATE[23502]: Not null violation: 7 ERROR:  null value in column \"isFeatured\" of relation \"products\" violates not-null constraint
DETAIL:  Failing row contains (29, Chic Italia Leather Sofa, An exquisitely designed leather sofa with Italian craftsmanship ..., 1499.99, furniture, img5, null, null, 2025-03-04 07:44:10). at /home/engintech/Full-Stack-E-Commerce/Back-End/vendor/laravel/framework/src/Illuminate/Database/Connection.php:596)
[stacktrace]
#0 /home/engintech/Full-Stack-E-Commerce/Back-End/vendor/laravel/framework/src/Illuminate/Database/Connection.php(596): PDOStatement->execute()
#1 /home/engintech/Full-Stack-E-Commerce/Back-End/vendor/laravel/framework/src/Illuminate/Database/Connection.php(812): Illuminate\\Database\\Connection->Illuminate\\Database\\{closure}()
#2 /home/engintech/Full-Stack-E-Commerce/Back-End/vendor/laravel/framework/src/Illuminate/Database/Connection.php(779): Illuminate\\Database\\Connection->runQueryCallback()
#3 /home/engintech/Full-Stack-E-Commerce/Back-End/vendor/laravel/framework/src/Illuminate/Database/Connection.php(584): Illuminate\\Database\\Connection->run()
#4 /home/engintech/Full-Stack-E-Commerce/Back-End/vendor/laravel/framework/src/Illuminate/Database/Connection.php(536): Illuminate\\Database\\Connection->affectingStatement()
#5 /home/engintech/Full-Stack-E-Commerce/Back-End/vendor/laravel/framework/src/Illuminate/Database/Query/Builder.php(3830): Illuminate\\Database\\Connection->update()
#6 /home/engintech/Full-Stack-E-Commerce/Back-End/vendor/laravel/framework/src/Illuminate/Database/Eloquent/Builder.php(1163): Illuminate\\Database\\Query\\Builder->update()
#7 /home/engintech/Full-Stack-E-Commerce/Back-End/vendor/laravel/framework/src/Illuminate/Database/Eloquent/Model.php(1239): Illuminate\\Database\\Eloquent\\Builder->update()
#8 /home/engintech/Full-Stack-E-Commerce/Back-End/vendor/laravel/framework/src/Illuminate/Database/Eloquent/Model.php(1156): Illuminate\\Database\\Eloquent\\Model->performUpdate()
#9 /home/engintech/Full-Stack-E-Commerce/Back-End/vendor/laravel/framework/src/Illuminate/Database/Eloquent/Model.php(1014): Illuminate\\Database\\Eloquent\\Model->save()
#10 /home/engintech/Full-Stack-E-Commerce/Back-End/vendor/backpack/crud/src/app/Library/CrudPanel/Traits/Update.php(39): Illuminate\\Database\\Eloquent\\Model->update()
#11 /home/engintech/Full-Stack-E-Commerce/Back-End/vendor/backpack/crud/src/app/Library/CrudPanel/Traits/Update.php(34): Backpack\\CRUD\\app\\Library\\CrudPanel\\CrudPanel->updateModelAndRelations()
#12 /home/engintech/Full-Stack-E-Commerce/Back-End/vendor/backpack/crud/src/app/Http/Controllers/Operations/UpdateOperation.php(103): Backpack\\CRUD\\app\\Library\\CrudPanel\\CrudPanel->update()
#13 /home/engintech/Full-Stack-E-Commerce/Back-End/vendor/laravel/framework/src/Illuminate/Routing/Controller.php(54): App\\Http\\Controllers\\Admin\\ProductCrudController->update()
#14 /home/engintech/Full-Stack-E-Commerce/Back-End/vendor/laravel/framework/src/Illuminate/Routing/ControllerDispatcher.php(44): Illuminate\\Routing\\Controller->callAction()
#15 /home/engintech/Full-Stack-E-Commerce/Back-End/vendor/laravel/framework/src/Illuminate/Routing/Route.php(266): Illuminate\\Routing\\ControllerDispatcher->dispatch()
#16 /home/engintech/Full-Stack-E-Commerce/Back-End/vendor/laravel/framework/src/Illuminate/Routing/Route.php(212): Illuminate\\Routing\\Route->runController()
#17 /home/engintech/Full-Stack-E-Commerce/Back-End/vendor/laravel/framework/src/Illuminate/Routing/Router.php(808): Illuminate\\Routing\\Route->run()
#18 /home/engintech/Full-Stack-E-Commerce/Back-End/vendor/laravel/framework/src/Illuminate/Pipeline/Pipeline.php(170): Illuminate\\Routing\\Router->Illuminate\\Routing\\{closure}()
#19 /home/engintech/Full-Stack-E-Commerce/Back-End/vendor/backpack/crud/src/app/Http/Controllers/CrudController.php(47): Illuminate\\Pipeline\\Pipeline->Illuminate\\Pipeline\\{closure}()
#20 /home/engintech/Full-Stack-E-Commerce/Back-End/vendor/laravel/framework/src/Illuminate/Pipeline/Pipeline.php(191): Backpack\\CRUD\\app\\Http\\Controllers\\CrudController->Backpack\\CRUD\\app\\Http\\Controllers\\{closure}()
#21 /home/engintech/Full-Stack-E-Commerce/Back-End/vendor/laravel/framework/src/Illuminate/Foundation/Http/Middleware/TransformsRequest.php(21): Illuminate\\Pipeline\\Pipeline->Illuminate\\Pipeline\\{closure}()
#22 /home/engintech/Full-Stack-E-Commerce/Back-End/vendor/laravel/framework/src/Illuminate/Foundation/Http/Middleware/ConvertEmptyStringsToNull.php(31): Illuminate\\Foundation\\Http\\Middleware\\TransformsRequest->handle()
#23 /home/engintech/Full-Stack-E-Commerce/Back-End/vendor/laravel/framework/src/Illuminate/Pipeline/Pipeline.php(209): Illuminate\\Foundation\\Http\\Middleware\\ConvertEmptyStringsToNull->handle()
#24 /home/engintech/Full-Stack-E-Commerce/Back-End/app/Http/Middleware/CheckIfAdmin.php(66): Illuminate\\Pipeline\\Pipeline->Illuminate\\Pipeline\\{closure}()
#25 /home/engintech/Full-Stack-E-Commerce/Back-End/vendor/laravel/framework/src/Illuminate/Pipeline/Pipeline.php(209): App\\Http\\Middleware\\CheckIfAdmin->handle()
#26 /home/engintech/Full-Stack-E-Commerce/Back-End/vendor/laravel/framework/src/Illuminate/Routing/Middleware/SubstituteBindings.php(51): Illuminate\\Pipeline\\Pipeline->Illuminate\\Pipeline\\{closure}()
#27 /home/engintech/Full-Stack-E-Commerce/Back-End/vendor/laravel/framework/src/Illuminate/Pipeline/Pipeline.php(209): Illuminate\\Routing\\Middleware\\SubstituteBindings->handle()
#28 /home/engintech/Full-Stack-E-Commerce/Back-End/vendor/backpack/crud/src/app/Http/Middleware/AuthenticateSession.php(62): Illuminate\\Pipeline\\Pipeline->Illuminate\\Pipeline\\{closure}()
#29 /home/engintech/Full-Stack-E-Commerce/Back-End/vendor/laravel/framework/src/Illuminate/Pipeline/Pipeline.php(209): Backpack\\CRUD\\app\\Http\\Middleware\\AuthenticateSession->handle()
#30 /home/engintech/Full-Stack-E-Commerce/Back-End/vendor/laravel/framework/src/Illuminate/Foundation/Http/Middleware/VerifyCsrfToken.php(88): Illuminate\\Pipeline\\Pipeline->Illuminate\\Pipeline\\{closure}()
#31 /home/engintech/Full-Stack-E-Commerce/Back-End/vendor/laravel/framework/src/Illuminate/Pipeline/Pipeline.php(209): Illuminate\\Foundation\\Http\\Middleware\\VerifyCsrfToken->handle()
#32 /home/engintech/Full-Stack-E-Commerce/Back-End/vendor/laravel/framework/src/Illuminate/View/Middleware/ShareErrorsFromSession.php(49): Illuminate\\Pipeline\\Pipeline->Illuminate\\Pipeline\\{closure}()
#33 /home/engintech/Full-Stack-E-Commerce/Back-End/vendor/laravel/framework/src/Illuminate/Pipeline/Pipeline.php(209): Illuminate\\View\\Middleware\\ShareErrorsFromSession->handle()
#34 /home/engintech/Full-Stack-E-Commerce/Back-End/vendor/laravel/framework/src/Illuminate/Session/Middleware/StartSession.php(121): Illuminate\\Pipeline\\Pipeline->Illuminate\\Pipeline\\{closure}()
#35 /home/engintech/Full-Stack-E-Commerce/Back-End/vendor/laravel/framework/src/Illuminate/Session/Middleware/StartSession.php(64): Illuminate\\Session\\Middleware\\StartSession->handleStatefulRequest()
#36 /home/engintech/Full-Stack-E-Commerce/Back-End/vendor/laravel/framework/src/Illuminate/Pipeline/Pipeline.php(209): Illuminate\\Session\\Middleware\\StartSession->handle()
#37 /home/engintech/Full-Stack-E-Commerce/Back-End/vendor/laravel/framework/src/Illuminate/Cookie/Middleware/AddQueuedCookiesToResponse.php(37): Illuminate\\Pipeline\\Pipeline->Illuminate\\Pipeline\\{closure}()
#38 /home/engintech/Full-Stack-E-Commerce/Back-End/vendor/laravel/framework/src/Illuminate/Pipeline/Pipeline.php(209): Illuminate\\Cookie\\Middleware\\AddQueuedCookiesToResponse->handle()
#39 /home/engintech/Full-Stack-E-Commerce/Back-End/vendor/laravel/framework/src/Illuminate/Cookie/Middleware/EncryptCookies.php(75): Illuminate\\Pipeline\\Pipeline->Illuminate\\Pipeline\\{closure}()
#40 /home/engintech/Full-Stack-E-Commerce/Back-End/vendor/laravel/framework/src/Illuminate/Pipeline/Pipeline.php(209): Illuminate\\Cookie\\Middleware\\EncryptCookies->handle()
#41 /home/engintech/Full-Stack-E-Commerce/Back-End/vendor/laravel/framework/src/Illuminate/Pipeline/Pipeline.php(127): Illuminate\\Pipeline\\Pipeline->Illuminate\\Pipeline\\{closure}()
#42 /home/engintech/Full-Stack-E-Commerce/Back-End/vendor/laravel/framework/src/Illuminate/Routing/Router.php(807): Illuminate\\Pipeline\\Pipeline->then()
#43 /home/engintech/Full-Stack-E-Commerce/Back-End/vendor/laravel/framework/src/Illuminate/Routing/Router.php(786): Illuminate\\Routing\\Router->runRouteWithinStack()
#44 /home/engintech/Full-Stack-E-Commerce/Back-End/vendor/laravel/framework/src/Illuminate/Routing/Router.php(750): Illuminate\\Routing\\Router->runRoute()
#45 /home/engintech/Full-Stack-E-Commerce/Back-End/vendor/laravel/framework/src/Illuminate/Routing/Router.php(739): Illuminate\\Routing\\Router->dispatchToRoute()
#46 /home/engintech/Full-Stack-E-Commerce/Back-End/vendor/laravel/framework/src/Illuminate/Foundation/Http/Kernel.php(201): Illuminate\\Routing\\Router->dispatch()
#47 /home/engintech/Full-Stack-E-Commerce/Back-End/vendor/laravel/framework/src/Illuminate/Pipeline/Pipeline.php(170): Illuminate\\Foundation\\Http\\Kernel->Illuminate\\Foundation\\Http\\{closure}()
#48 /home/engintech/Full-Stack-E-Commerce/Back-End/vendor/laravel/framework/src/Illuminate/Foundation/Http/Middleware/TransformsRequest.php(21): Illuminate\\Pipeline\\Pipeline->Illuminate\\Pipeline\\{closure}()
#49 /home/engintech/Full-Stack-E-Commerce/Back-End/vendor/laravel/framework/src/Illuminate/Foundation/Http/Middleware/ConvertEmptyStringsToNull.php(31): Illuminate\\Foundation\\Http\\Middleware\\TransformsRequest->handle()
#50 /home/engintech/Full-Stack-E-Commerce/Back-End/vendor/laravel/framework/src/Illuminate/Pipeline/Pipeline.php(209): Illuminate\\Foundation\\Http\\Middleware\\ConvertEmptyStringsToNull->handle()
#51 /home/engintech/Full-Stack-E-Commerce/Back-End/vendor/laravel/framework/src/Illuminate/Foundation/Http/Middleware/TransformsRequest.php(21): Illuminate\\Pipeline\\Pipeline->Illuminate\\Pipeline\\{closure}()
#52 /home/engintech/Full-Stack-E-Commerce/Back-End/vendor/laravel/framework/src/Illuminate/Foundation/Http/Middleware/TrimStrings.php(51): Illuminate\\Foundation\\Http\\Middleware\\TransformsRequest->handle()
#53 /home/engintech/Full-Stack-E-Commerce/Back-End/vendor/laravel/framework/src/Illuminate/Pipeline/Pipeline.php(209): Illuminate\\Foundation\\Http\\Middleware\\TrimStrings->handle()
#54 /home/engintech/Full-Stack-E-Commerce/Back-End/vendor/laravel/framework/src/Illuminate/Http/Middleware/ValidatePostSize.php(27): Illuminate\\Pipeline\\Pipeline->Illuminate\\Pipeline\\{closure}()
#55 /home/engintech/Full-Stack-E-Commerce/Back-End/vendor/laravel/framework/src/Illuminate/Pipeline/Pipeline.php(209): Illuminate\\Http\\Middleware\\ValidatePostSize->handle()
#56 /home/engintech/Full-Stack-E-Commerce/Back-End/vendor/laravel/framework/src/Illuminate/Foundation/Http/Middleware/PreventRequestsDuringMaintenance.php(110): Illuminate\\Pipeline\\Pipeline->Illuminate\\Pipeline\\{closure}()
#57 /home/engintech/Full-Stack-E-Commerce/Back-End/vendor/laravel/framework/src/Illuminate/Pipeline/Pipeline.php(209): Illuminate\\Foundation\\Http\\Middleware\\PreventRequestsDuringMaintenance->handle()
#58 /home/engintech/Full-Stack-E-Commerce/Back-End/vendor/laravel/framework/src/Illuminate/Http/Middleware/HandleCors.php(49): Illuminate\\Pipeline\\Pipeline->Illuminate\\Pipeline\\{closure}()
#59 /home/engintech/Full-Stack-E-Commerce/Back-End/vendor/laravel/framework/src/Illuminate/Pipeline/Pipeline.php(209): Illuminate\\Http\\Middleware\\HandleCors->handle()
#60 /home/engintech/Full-Stack-E-Commerce/Back-End/vendor/laravel/framework/src/Illuminate/Http/Middleware/TrustProxies.php(58): Illuminate\\Pipeline\\Pipeline->Illuminate\\Pipeline\\{closure}()
#61 /home/engintech/Full-Stack-E-Commerce/Back-End/vendor/laravel/framework/src/Illuminate/Pipeline/Pipeline.php(209): Illuminate\\Http\\Middleware\\TrustProxies->handle()
#62 /home/engintech/Full-Stack-E-Commerce/Back-End/vendor/laravel/framework/src/Illuminate/Foundation/Http/Middleware/InvokeDeferredCallbacks.php(22): Illuminate\\Pipeline\\Pipeline->Illuminate\\Pipeline\\{closure}()
#63 /home/engintech/Full-Stack-E-Commerce/Back-End/vendor/laravel/framework/src/Illuminate/Pipeline/Pipeline.php(209): Illuminate\\Foundation\\Http\\Middleware\\InvokeDeferredCallbacks->handle()
#64 /home/engintech/Full-Stack-E-Commerce/Back-End/vendor/laravel/framework/src/Illuminate/Pipeline/Pipeline.php(127): Illuminate\\Pipeline\\Pipeline->Illuminate\\Pipeline\\{closure}()
#65 /home/engintech/Full-Stack-E-Commerce/Back-End/vendor/laravel/framework/src/Illuminate/Foundation/Http/Kernel.php(176): Illuminate\\Pipeline\\Pipeline->then()
#66 /home/engintech/Full-Stack-E-Commerce/Back-End/vendor/laravel/framework/src/Illuminate/Foundation/Http/Kernel.php(145): Illuminate\\Foundation\\Http\\Kernel->sendRequestThroughRouter()
#67 /home/engintech/Full-Stack-E-Commerce/Back-End/vendor/laravel/framework/src/Illuminate/Foundation/Application.php(1220): Illuminate\\Foundation\\Http\\Kernel->handle()
#68 /home/engintech/Full-Stack-E-Commerce/Back-End/public/index.php(17): Illuminate\\Foundation\\Application->handleRequest()
#69 /home/engintech/Full-Stack-E-Commerce/Back-End/vendor/laravel/framework/src/Illuminate/Foundation/resources/server.php(23): require_once('...')
#70 {main}
"} 
[2025-03-04 07:44:48] local.ERROR: SQLSTATE[23502]: Not null violation: 7 ERROR:  null value in column "isFeatured" of relation "products" violates not-null constraint
DETAIL:  Failing row contains (29, Chic Italian Leather Sofa, An exquisitely designed leather sofa with Italian craftsmanship ..., 1499.99, furniture, img5, null, null, 2025-03-04 07:44:48). (Connection: pgsql, SQL: update "products" set "title" = Chic Italian Leather Sofa, "isFeatured" = ?, "updated_at" = 2025-03-04 07:44:48 where "id" = 29) {"exception":"[object] (Illuminate\\Database\\QueryException(code: 23502): SQLSTATE[23502]: Not null violation: 7 ERROR:  null value in column \"isFeatured\" of relation \"products\" violates not-null constraint
DETAIL:  Failing row contains (29, Chic Italian Leather Sofa, An exquisitely designed leather sofa with Italian craftsmanship ..., 1499.99, furniture, img5, null, null, 2025-03-04 07:44:48). (Connection: pgsql, SQL: update \"products\" set \"title\" = Chic Italian Leather Sofa, \"isFeatured\" = ?, \"updated_at\" = 2025-03-04 07:44:48 where \"id\" = 29) at /home/engintech/Full-Stack-E-Commerce/Back-End/vendor/laravel/framework/src/Illuminate/Database/Connection.php:825)
[stacktrace]
#0 /home/engintech/Full-Stack-E-Commerce/Back-End/vendor/laravel/framework/src/Illuminate/Database/Connection.php(779): Illuminate\\Database\\Connection->runQueryCallback()
#1 /home/engintech/Full-Stack-E-Commerce/Back-End/vendor/laravel/framework/src/Illuminate/Database/Connection.php(584): Illuminate\\Database\\Connection->run()
#2 /home/engintech/Full-Stack-E-Commerce/Back-End/vendor/laravel/framework/src/Illuminate/Database/Connection.php(536): Illuminate\\Database\\Connection->affectingStatement()
#3 /home/engintech/Full-Stack-E-Commerce/Back-End/vendor/laravel/framework/src/Illuminate/Database/Query/Builder.php(3830): Illuminate\\Database\\Connection->update()
#4 /home/engintech/Full-Stack-E-Commerce/Back-End/vendor/laravel/framework/src/Illuminate/Database/Eloquent/Builder.php(1163): Illuminate\\Database\\Query\\Builder->update()
#5 /home/engintech/Full-Stack-E-Commerce/Back-End/vendor/laravel/framework/src/Illuminate/Database/Eloquent/Model.php(1239): Illuminate\\Database\\Eloquent\\Builder->update()
#6 /home/engintech/Full-Stack-E-Commerce/Back-End/vendor/laravel/framework/src/Illuminate/Database/Eloquent/Model.php(1156): Illuminate\\Database\\Eloquent\\Model->performUpdate()
#7 /home/engintech/Full-Stack-E-Commerce/Back-End/vendor/laravel/framework/src/Illuminate/Database/Eloquent/Model.php(1014): Illuminate\\Database\\Eloquent\\Model->save()
#8 /home/engintech/Full-Stack-E-Commerce/Back-End/vendor/backpack/crud/src/app/Library/CrudPanel/Traits/Update.php(39): Illuminate\\Database\\Eloquent\\Model->update()
#9 /home/engintech/Full-Stack-E-Commerce/Back-End/vendor/backpack/crud/src/app/Library/CrudPanel/Traits/Update.php(34): Backpack\\CRUD\\app\\Library\\CrudPanel\\CrudPanel->updateModelAndRelations()
#10 /home/engintech/Full-Stack-E-Commerce/Back-End/vendor/backpack/crud/src/app/Http/Controllers/Operations/UpdateOperation.php(103): Backpack\\CRUD\\app\\Library\\CrudPanel\\CrudPanel->update()
#11 /home/engintech/Full-Stack-E-Commerce/Back-End/vendor/laravel/framework/src/Illuminate/Routing/Controller.php(54): App\\Http\\Controllers\\Admin\\ProductCrudController->update()
#12 /home/engintech/Full-Stack-E-Commerce/Back-End/vendor/laravel/framework/src/Illuminate/Routing/ControllerDispatcher.php(44): Illuminate\\Routing\\Controller->callAction()
#13 /home/engintech/Full-Stack-E-Commerce/Back-End/vendor/laravel/framework/src/Illuminate/Routing/Route.php(266): Illuminate\\Routing\\ControllerDispatcher->dispatch()
#14 /home/engintech/Full-Stack-E-Commerce/Back-End/vendor/laravel/framework/src/Illuminate/Routing/Route.php(212): Illuminate\\Routing\\Route->runController()
#15 /home/engintech/Full-Stack-E-Commerce/Back-End/vendor/laravel/framework/src/Illuminate/Routing/Router.php(808): Illuminate\\Routing\\Route->run()
#16 /home/engintech/Full-Stack-E-Commerce/Back-End/vendor/laravel/framework/src/Illuminate/Pipeline/Pipeline.php(170): Illuminate\\Routing\\Router->Illuminate\\Routing\\{closure}()
#17 /home/engintech/Full-Stack-E-Commerce/Back-End/vendor/backpack/crud/src/app/Http/Controllers/CrudController.php(47): Illuminate\\Pipeline\\Pipeline->Illuminate\\Pipeline\\{closure}()
#18 /home/engintech/Full-Stack-E-Commerce/Back-End/vendor/laravel/framework/src/Illuminate/Pipeline/Pipeline.php(191): Backpack\\CRUD\\app\\Http\\Controllers\\CrudController->Backpack\\CRUD\\app\\Http\\Controllers\\{closure}()
#19 /home/engintech/Full-Stack-E-Commerce/Back-End/vendor/laravel/framework/src/Illuminate/Foundation/Http/Middleware/TransformsRequest.php(21): Illuminate\\Pipeline\\Pipeline->Illuminate\\Pipeline\\{closure}()
#20 /home/engintech/Full-Stack-E-Commerce/Back-End/vendor/laravel/framework/src/Illuminate/Foundation/Http/Middleware/ConvertEmptyStringsToNull.php(31): Illuminate\\Foundation\\Http\\Middleware\\TransformsRequest->handle()
#21 /home/engintech/Full-Stack-E-Commerce/Back-End/vendor/laravel/framework/src/Illuminate/Pipeline/Pipeline.php(209): Illuminate\\Foundation\\Http\\Middleware\\ConvertEmptyStringsToNull->handle()
#22 /home/engintech/Full-Stack-E-Commerce/Back-End/app/Http/Middleware/CheckIfAdmin.php(66): Illuminate\\Pipeline\\Pipeline->Illuminate\\Pipeline\\{closure}()
#23 /home/engintech/Full-Stack-E-Commerce/Back-End/vendor/laravel/framework/src/Illuminate/Pipeline/Pipeline.php(209): App\\Http\\Middleware\\CheckIfAdmin->handle()
#24 /home/engintech/Full-Stack-E-Commerce/Back-End/vendor/laravel/framework/src/Illuminate/Routing/Middleware/SubstituteBindings.php(51): Illuminate\\Pipeline\\Pipeline->Illuminate\\Pipeline\\{closure}()
#25 /home/engintech/Full-Stack-E-Commerce/Back-End/vendor/laravel/framework/src/Illuminate/Pipeline/Pipeline.php(209): Illuminate\\Routing\\Middleware\\SubstituteBindings->handle()
#26 /home/engintech/Full-Stack-E-Commerce/Back-End/vendor/backpack/crud/src/app/Http/Middleware/AuthenticateSession.php(62): Illuminate\\Pipeline\\Pipeline->Illuminate\\Pipeline\\{closure}()
#27 /home/engintech/Full-Stack-E-Commerce/Back-End/vendor/laravel/framework/src/Illuminate/Pipeline/Pipeline.php(209): Backpack\\CRUD\\app\\Http\\Middleware\\AuthenticateSession->handle()
#28 /home/engintech/Full-Stack-E-Commerce/Back-End/vendor/laravel/framework/src/Illuminate/Foundation/Http/Middleware/VerifyCsrfToken.php(88): Illuminate\\Pipeline\\Pipeline->Illuminate\\Pipeline\\{closure}()
#29 /home/engintech/Full-Stack-E-Commerce/Back-End/vendor/laravel/framework/src/Illuminate/Pipeline/Pipeline.php(209): Illuminate\\Foundation\\Http\\Middleware\\VerifyCsrfToken->handle()
#30 /home/engintech/Full-Stack-E-Commerce/Back-End/vendor/laravel/framework/src/Illuminate/View/Middleware/ShareErrorsFromSession.php(49): Illuminate\\Pipeline\\Pipeline->Illuminate\\Pipeline\\{closure}()
#31 /home/engintech/Full-Stack-E-Commerce/Back-End/vendor/laravel/framework/src/Illuminate/Pipeline/Pipeline.php(209): Illuminate\\View\\Middleware\\ShareErrorsFromSession->handle()
#32 /home/engintech/Full-Stack-E-Commerce/Back-End/vendor/laravel/framework/src/Illuminate/Session/Middleware/StartSession.php(121): Illuminate\\Pipeline\\Pipeline->Illuminate\\Pipeline\\{closure}()
#33 /home/engintech/Full-Stack-E-Commerce/Back-End/vendor/laravel/framework/src/Illuminate/Session/Middleware/StartSession.php(64): Illuminate\\Session\\Middleware\\StartSession->handleStatefulRequest()
#34 /home/engintech/Full-Stack-E-Commerce/Back-End/vendor/laravel/framework/src/Illuminate/Pipeline/Pipeline.php(209): Illuminate\\Session\\Middleware\\StartSession->handle()
#35 /home/engintech/Full-Stack-E-Commerce/Back-End/vendor/laravel/framework/src/Illuminate/Cookie/Middleware/AddQueuedCookiesToResponse.php(37): Illuminate\\Pipeline\\Pipeline->Illuminate\\Pipeline\\{closure}()
#36 /home/engintech/Full-Stack-E-Commerce/Back-End/vendor/laravel/framework/src/Illuminate/Pipeline/Pipeline.php(209): Illuminate\\Cookie\\Middleware\\AddQueuedCookiesToResponse->handle()
#37 /home/engintech/Full-Stack-E-Commerce/Back-End/vendor/laravel/framework/src/Illuminate/Cookie/Middleware/EncryptCookies.php(75): Illuminate\\Pipeline\\Pipeline->Illuminate\\Pipeline\\{closure}()
#38 /home/engintech/Full-Stack-E-Commerce/Back-End/vendor/laravel/framework/src/Illuminate/Pipeline/Pipeline.php(209): Illuminate\\Cookie\\Middleware\\EncryptCookies->handle()
#39 /home/engintech/Full-Stack-E-Commerce/Back-End/vendor/laravel/framework/src/Illuminate/Pipeline/Pipeline.php(127): Illuminate\\Pipeline\\Pipeline->Illuminate\\Pipeline\\{closure}()
#40 /home/engintech/Full-Stack-E-Commerce/Back-End/vendor/laravel/framework/src/Illuminate/Routing/Router.php(807): Illuminate\\Pipeline\\Pipeline->then()
#41 /home/engintech/Full-Stack-E-Commerce/Back-End/vendor/laravel/framework/src/Illuminate/Routing/Router.php(786): Illuminate\\Routing\\Router->runRouteWithinStack()
#42 /home/engintech/Full-Stack-E-Commerce/Back-End/vendor/laravel/framework/src/Illuminate/Routing/Router.php(750): Illuminate\\Routing\\Router->runRoute()
#43 /home/engintech/Full-Stack-E-Commerce/Back-End/vendor/laravel/framework/src/Illuminate/Routing/Router.php(739): Illuminate\\Routing\\Router->dispatchToRoute()
#44 /home/engintech/Full-Stack-E-Commerce/Back-End/vendor/laravel/framework/src/Illuminate/Foundation/Http/Kernel.php(201): Illuminate\\Routing\\Router->dispatch()
#45 /home/engintech/Full-Stack-E-Commerce/Back-End/vendor/laravel/framework/src/Illuminate/Pipeline/Pipeline.php(170): Illuminate\\Foundation\\Http\\Kernel->Illuminate\\Foundation\\Http\\{closure}()
#46 /home/engintech/Full-Stack-E-Commerce/Back-End/vendor/laravel/framework/src/Illuminate/Foundation/Http/Middleware/TransformsRequest.php(21): Illuminate\\Pipeline\\Pipeline->Illuminate\\Pipeline\\{closure}()
#47 /home/engintech/Full-Stack-E-Commerce/Back-End/vendor/laravel/framework/src/Illuminate/Foundation/Http/Middleware/ConvertEmptyStringsToNull.php(31): Illuminate\\Foundation\\Http\\Middleware\\TransformsRequest->handle()
#48 /home/engintech/Full-Stack-E-Commerce/Back-End/vendor/laravel/framework/src/Illuminate/Pipeline/Pipeline.php(209): Illuminate\\Foundation\\Http\\Middleware\\ConvertEmptyStringsToNull->handle()
#49 /home/engintech/Full-Stack-E-Commerce/Back-End/vendor/laravel/framework/src/Illuminate/Foundation/Http/Middleware/TransformsRequest.php(21): Illuminate\\Pipeline\\Pipeline->Illuminate\\Pipeline\\{closure}()
#50 /home/engintech/Full-Stack-E-Commerce/Back-End/vendor/laravel/framework/src/Illuminate/Foundation/Http/Middleware/TrimStrings.php(51): Illuminate\\Foundation\\Http\\Middleware\\TransformsRequest->handle()
#51 /home/engintech/Full-Stack-E-Commerce/Back-End/vendor/laravel/framework/src/Illuminate/Pipeline/Pipeline.php(209): Illuminate\\Foundation\\Http\\Middleware\\TrimStrings->handle()
#52 /home/engintech/Full-Stack-E-Commerce/Back-End/vendor/laravel/framework/src/Illuminate/Http/Middleware/ValidatePostSize.php(27): Illuminate\\Pipeline\\Pipeline->Illuminate\\Pipeline\\{closure}()
#53 /home/engintech/Full-Stack-E-Commerce/Back-End/vendor/laravel/framework/src/Illuminate/Pipeline/Pipeline.php(209): Illuminate\\Http\\Middleware\\ValidatePostSize->handle()
#54 /home/engintech/Full-Stack-E-Commerce/Back-End/vendor/laravel/framework/src/Illuminate/Foundation/Http/Middleware/PreventRequestsDuringMaintenance.php(110): Illuminate\\Pipeline\\Pipeline->Illuminate\\Pipeline\\{closure}()
#55 /home/engintech/Full-Stack-E-Commerce/Back-End/vendor/laravel/framework/src/Illuminate/Pipeline/Pipeline.php(209): Illuminate\\Foundation\\Http\\Middleware\\PreventRequestsDuringMaintenance->handle()
#56 /home/engintech/Full-Stack-E-Commerce/Back-End/vendor/laravel/framework/src/Illuminate/Http/Middleware/HandleCors.php(49): Illuminate\\Pipeline\\Pipeline->Illuminate\\Pipeline\\{closure}()
#57 /home/engintech/Full-Stack-E-Commerce/Back-End/vendor/laravel/framework/src/Illuminate/Pipeline/Pipeline.php(209): Illuminate\\Http\\Middleware\\HandleCors->handle()
#58 /home/engintech/Full-Stack-E-Commerce/Back-End/vendor/laravel/framework/src/Illuminate/Http/Middleware/TrustProxies.php(58): Illuminate\\Pipeline\\Pipeline->Illuminate\\Pipeline\\{closure}()
#59 /home/engintech/Full-Stack-E-Commerce/Back-End/vendor/laravel/framework/src/Illuminate/Pipeline/Pipeline.php(209): Illuminate\\Http\\Middleware\\TrustProxies->handle()
#60 /home/engintech/Full-Stack-E-Commerce/Back-End/vendor/laravel/framework/src/Illuminate/Foundation/Http/Middleware/InvokeDeferredCallbacks.php(22): Illuminate\\Pipeline\\Pipeline->Illuminate\\Pipeline\\{closure}()
#61 /home/engintech/Full-Stack-E-Commerce/Back-End/vendor/laravel/framework/src/Illuminate/Pipeline/Pipeline.php(209): Illuminate\\Foundation\\Http\\Middleware\\InvokeDeferredCallbacks->handle()
#62 /home/engintech/Full-Stack-E-Commerce/Back-End/vendor/laravel/framework/src/Illuminate/Pipeline/Pipeline.php(127): Illuminate\\Pipeline\\Pipeline->Illuminate\\Pipeline\\{closure}()
#63 /home/engintech/Full-Stack-E-Commerce/Back-End/vendor/laravel/framework/src/Illuminate/Foundation/Http/Kernel.php(176): Illuminate\\Pipeline\\Pipeline->then()
#64 /home/engintech/Full-Stack-E-Commerce/Back-End/vendor/laravel/framework/src/Illuminate/Foundation/Http/Kernel.php(145): Illuminate\\Foundation\\Http\\Kernel->sendRequestThroughRouter()
#65 /home/engintech/Full-Stack-E-Commerce/Back-End/vendor/laravel/framework/src/Illuminate/Foundation/Application.php(1220): Illuminate\\Foundation\\Http\\Kernel->handle()
#66 /home/engintech/Full-Stack-E-Commerce/Back-End/public/index.php(17): Illuminate\\Foundation\\Application->handleRequest()
#67 /home/engintech/Full-Stack-E-Commerce/Back-End/vendor/laravel/framework/src/Illuminate/Foundation/resources/server.php(23): require_once('...')
#68 {main}

[previous exception] [object] (PDOException(code: 23502): SQLSTATE[23502]: Not null violation: 7 ERROR:  null value in column \"isFeatured\" of relation \"products\" violates not-null constraint
DETAIL:  Failing row contains (29, Chic Italian Leather Sofa, An exquisitely designed leather sofa with Italian craftsmanship ..., 1499.99, furniture, img5, null, null, 2025-03-04 07:44:48). at /home/engintech/Full-Stack-E-Commerce/Back-End/vendor/laravel/framework/src/Illuminate/Database/Connection.php:596)
[stacktrace]
#0 /home/engintech/Full-Stack-E-Commerce/Back-End/vendor/laravel/framework/src/Illuminate/Database/Connection.php(596): PDOStatement->execute()
#1 /home/engintech/Full-Stack-E-Commerce/Back-End/vendor/laravel/framework/src/Illuminate/Database/Connection.php(812): Illuminate\\Database\\Connection->Illuminate\\Database\\{closure}()
#2 /home/engintech/Full-Stack-E-Commerce/Back-End/vendor/laravel/framework/src/Illuminate/Database/Connection.php(779): Illuminate\\Database\\Connection->runQueryCallback()
#3 /home/engintech/Full-Stack-E-Commerce/Back-End/vendor/laravel/framework/src/Illuminate/Database/Connection.php(584): Illuminate\\Database\\Connection->run()
#4 /home/engintech/Full-Stack-E-Commerce/Back-End/vendor/laravel/framework/src/Illuminate/Database/Connection.php(536): Illuminate\\Database\\Connection->affectingStatement()
#5 /home/engintech/Full-Stack-E-Commerce/Back-End/vendor/laravel/framework/src/Illuminate/Database/Query/Builder.php(3830): Illuminate\\Database\\Connection->update()
#6 /home/engintech/Full-Stack-E-Commerce/Back-End/vendor/laravel/framework/src/Illuminate/Database/Eloquent/Builder.php(1163): Illuminate\\Database\\Query\\Builder->update()
#7 /home/engintech/Full-Stack-E-Commerce/Back-End/vendor/laravel/framework/src/Illuminate/Database/Eloquent/Model.php(1239): Illuminate\\Database\\Eloquent\\Builder->update()
#8 /home/engintech/Full-Stack-E-Commerce/Back-End/vendor/laravel/framework/src/Illuminate/Database/Eloquent/Model.php(1156): Illuminate\\Database\\Eloquent\\Model->performUpdate()
#9 /home/engintech/Full-Stack-E-Commerce/Back-End/vendor/laravel/framework/src/Illuminate/Database/Eloquent/Model.php(1014): Illuminate\\Database\\Eloquent\\Model->save()
#10 /home/engintech/Full-Stack-E-Commerce/Back-End/vendor/backpack/crud/src/app/Library/CrudPanel/Traits/Update.php(39): Illuminate\\Database\\Eloquent\\Model->update()
#11 /home/engintech/Full-Stack-E-Commerce/Back-End/vendor/backpack/crud/src/app/Library/CrudPanel/Traits/Update.php(34): Backpack\\CRUD\\app\\Library\\CrudPanel\\CrudPanel->updateModelAndRelations()
#12 /home/engintech/Full-Stack-E-Commerce/Back-End/vendor/backpack/crud/src/app/Http/Controllers/Operations/UpdateOperation.php(103): Backpack\\CRUD\\app\\Library\\CrudPanel\\CrudPanel->update()
#13 /home/engintech/Full-Stack-E-Commerce/Back-End/vendor/laravel/framework/src/Illuminate/Routing/Controller.php(54): App\\Http\\Controllers\\Admin\\ProductCrudController->update()
#14 /home/engintech/Full-Stack-E-Commerce/Back-End/vendor/laravel/framework/src/Illuminate/Routing/ControllerDispatcher.php(44): Illuminate\\Routing\\Controller->callAction()
#15 /home/engintech/Full-Stack-E-Commerce/Back-End/vendor/laravel/framework/src/Illuminate/Routing/Route.php(266): Illuminate\\Routing\\ControllerDispatcher->dispatch()
#16 /home/engintech/Full-Stack-E-Commerce/Back-End/vendor/laravel/framework/src/Illuminate/Routing/Route.php(212): Illuminate\\Routing\\Route->runController()
#17 /home/engintech/Full-Stack-E-Commerce/Back-End/vendor/laravel/framework/src/Illuminate/Routing/Router.php(808): Illuminate\\Routing\\Route->run()
#18 /home/engintech/Full-Stack-E-Commerce/Back-End/vendor/laravel/framework/src/Illuminate/Pipeline/Pipeline.php(170): Illuminate\\Routing\\Router->Illuminate\\Routing\\{closure}()
#19 /home/engintech/Full-Stack-E-Commerce/Back-End/vendor/backpack/crud/src/app/Http/Controllers/CrudController.php(47): Illuminate\\Pipeline\\Pipeline->Illuminate\\Pipeline\\{closure}()
#20 /home/engintech/Full-Stack-E-Commerce/Back-End/vendor/laravel/framework/src/Illuminate/Pipeline/Pipeline.php(191): Backpack\\CRUD\\app\\Http\\Controllers\\CrudController->Backpack\\CRUD\\app\\Http\\Controllers\\{closure}()
#21 /home/engintech/Full-Stack-E-Commerce/Back-End/vendor/laravel/framework/src/Illuminate/Foundation/Http/Middleware/TransformsRequest.php(21): Illuminate\\Pipeline\\Pipeline->Illuminate\\Pipeline\\{closure}()
#22 /home/engintech/Full-Stack-E-Commerce/Back-End/vendor/laravel/framework/src/Illuminate/Foundation/Http/Middleware/ConvertEmptyStringsToNull.php(31): Illuminate\\Foundation\\Http\\Middleware\\TransformsRequest->handle()
#23 /home/engintech/Full-Stack-E-Commerce/Back-End/vendor/laravel/framework/src/Illuminate/Pipeline/Pipeline.php(209): Illuminate\\Foundation\\Http\\Middleware\\ConvertEmptyStringsToNull->handle()
#24 /home/engintech/Full-Stack-E-Commerce/Back-End/app/Http/Middleware/CheckIfAdmin.php(66): Illuminate\\Pipeline\\Pipeline->Illuminate\\Pipeline\\{closure}()
#25 /home/engintech/Full-Stack-E-Commerce/Back-End/vendor/laravel/framework/src/Illuminate/Pipeline/Pipeline.php(209): App\\Http\\Middleware\\CheckIfAdmin->handle()
#26 /home/engintech/Full-Stack-E-Commerce/Back-End/vendor/laravel/framework/src/Illuminate/Routing/Middleware/SubstituteBindings.php(51): Illuminate\\Pipeline\\Pipeline->Illuminate\\Pipeline\\{closure}()
#27 /home/engintech/Full-Stack-E-Commerce/Back-End/vendor/laravel/framework/src/Illuminate/Pipeline/Pipeline.php(209): Illuminate\\Routing\\Middleware\\SubstituteBindings->handle()
#28 /home/engintech/Full-Stack-E-Commerce/Back-End/vendor/backpack/crud/src/app/Http/Middleware/AuthenticateSession.php(62): Illuminate\\Pipeline\\Pipeline->Illuminate\\Pipeline\\{closure}()
#29 /home/engintech/Full-Stack-E-Commerce/Back-End/vendor/laravel/framework/src/Illuminate/Pipeline/Pipeline.php(209): Backpack\\CRUD\\app\\Http\\Middleware\\AuthenticateSession->handle()
#30 /home/engintech/Full-Stack-E-Commerce/Back-End/vendor/laravel/framework/src/Illuminate/Foundation/Http/Middleware/VerifyCsrfToken.php(88): Illuminate\\Pipeline\\Pipeline->Illuminate\\Pipeline\\{closure}()
#31 /home/engintech/Full-Stack-E-Commerce/Back-End/vendor/laravel/framework/src/Illuminate/Pipeline/Pipeline.php(209): Illuminate\\Foundation\\Http\\Middleware\\VerifyCsrfToken->handle()
#32 /home/engintech/Full-Stack-E-Commerce/Back-End/vendor/laravel/framework/src/Illuminate/View/Middleware/ShareErrorsFromSession.php(49): Illuminate\\Pipeline\\Pipeline->Illuminate\\Pipeline\\{closure}()
#33 /home/engintech/Full-Stack-E-Commerce/Back-End/vendor/laravel/framework/src/Illuminate/Pipeline/Pipeline.php(209): Illuminate\\View\\Middleware\\ShareErrorsFromSession->handle()
#34 /home/engintech/Full-Stack-E-Commerce/Back-End/vendor/laravel/framework/src/Illuminate/Session/Middleware/StartSession.php(121): Illuminate\\Pipeline\\Pipeline->Illuminate\\Pipeline\\{closure}()
#35 /home/engintech/Full-Stack-E-Commerce/Back-End/vendor/laravel/framework/src/Illuminate/Session/Middleware/StartSession.php(64): Illuminate\\Session\\Middleware\\StartSession->handleStatefulRequest()
#36 /home/engintech/Full-Stack-E-Commerce/Back-End/vendor/laravel/framework/src/Illuminate/Pipeline/Pipeline.php(209): Illuminate\\Session\\Middleware\\StartSession->handle()
#37 /home/engintech/Full-Stack-E-Commerce/Back-End/vendor/laravel/framework/src/Illuminate/Cookie/Middleware/AddQueuedCookiesToResponse.php(37): Illuminate\\Pipeline\\Pipeline->Illuminate\\Pipeline\\{closure}()
#38 /home/engintech/Full-Stack-E-Commerce/Back-End/vendor/laravel/framework/src/Illuminate/Pipeline/Pipeline.php(209): Illuminate\\Cookie\\Middleware\\AddQueuedCookiesToResponse->handle()
#39 /home/engintech/Full-Stack-E-Commerce/Back-End/vendor/laravel/framework/src/Illuminate/Cookie/Middleware/EncryptCookies.php(75): Illuminate\\Pipeline\\Pipeline->Illuminate\\Pipeline\\{closure}()
#40 /home/engintech/Full-Stack-E-Commerce/Back-End/vendor/laravel/framework/src/Illuminate/Pipeline/Pipeline.php(209): Illuminate\\Cookie\\Middleware\\EncryptCookies->handle()
#41 /home/engintech/Full-Stack-E-Commerce/Back-End/vendor/laravel/framework/src/Illuminate/Pipeline/Pipeline.php(127): Illuminate\\Pipeline\\Pipeline->Illuminate\\Pipeline\\{closure}()
#42 /home/engintech/Full-Stack-E-Commerce/Back-End/vendor/laravel/framework/src/Illuminate/Routing/Router.php(807): Illuminate\\Pipeline\\Pipeline->then()
#43 /home/engintech/Full-Stack-E-Commerce/Back-End/vendor/laravel/framework/src/Illuminate/Routing/Router.php(786): Illuminate\\Routing\\Router->runRouteWithinStack()
#44 /home/engintech/Full-Stack-E-Commerce/Back-End/vendor/laravel/framework/src/Illuminate/Routing/Router.php(750): Illuminate\\Routing\\Router->runRoute()
#45 /home/engintech/Full-Stack-E-Commerce/Back-End/vendor/laravel/framework/src/Illuminate/Routing/Router.php(739): Illuminate\\Routing\\Router->dispatchToRoute()
#46 /home/engintech/Full-Stack-E-Commerce/Back-End/vendor/laravel/framework/src/Illuminate/Foundation/Http/Kernel.php(201): Illuminate\\Routing\\Router->dispatch()
#47 /home/engintech/Full-Stack-E-Commerce/Back-End/vendor/laravel/framework/src/Illuminate/Pipeline/Pipeline.php(170): Illuminate\\Foundation\\Http\\Kernel->Illuminate\\Foundation\\Http\\{closure}()
#48 /home/engintech/Full-Stack-E-Commerce/Back-End/vendor/laravel/framework/src/Illuminate/Foundation/Http/Middleware/TransformsRequest.php(21): Illuminate\\Pipeline\\Pipeline->Illuminate\\Pipeline\\{closure}()
#49 /home/engintech/Full-Stack-E-Commerce/Back-End/vendor/laravel/framework/src/Illuminate/Foundation/Http/Middleware/ConvertEmptyStringsToNull.php(31): Illuminate\\Foundation\\Http\\Middleware\\TransformsRequest->handle()
#50 /home/engintech/Full-Stack-E-Commerce/Back-End/vendor/laravel/framework/src/Illuminate/Pipeline/Pipeline.php(209): Illuminate\\Foundation\\Http\\Middleware\\ConvertEmptyStringsToNull->handle()
#51 /home/engintech/Full-Stack-E-Commerce/Back-End/vendor/laravel/framework/src/Illuminate/Foundation/Http/Middleware/TransformsRequest.php(21): Illuminate\\Pipeline\\Pipeline->Illuminate\\Pipeline\\{closure}()
#52 /home/engintech/Full-Stack-E-Commerce/Back-End/vendor/laravel/framework/src/Illuminate/Foundation/Http/Middleware/TrimStrings.php(51): Illuminate\\Foundation\\Http\\Middleware\\TransformsRequest->handle()
#53 /home/engintech/Full-Stack-E-Commerce/Back-End/vendor/laravel/framework/src/Illuminate/Pipeline/Pipeline.php(209): Illuminate\\Foundation\\Http\\Middleware\\TrimStrings->handle()
#54 /home/engintech/Full-Stack-E-Commerce/Back-End/vendor/laravel/framework/src/Illuminate/Http/Middleware/ValidatePostSize.php(27): Illuminate\\Pipeline\\Pipeline->Illuminate\\Pipeline\\{closure}()
#55 /home/engintech/Full-Stack-E-Commerce/Back-End/vendor/laravel/framework/src/Illuminate/Pipeline/Pipeline.php(209): Illuminate\\Http\\Middleware\\ValidatePostSize->handle()
#56 /home/engintech/Full-Stack-E-Commerce/Back-End/vendor/laravel/framework/src/Illuminate/Foundation/Http/Middleware/PreventRequestsDuringMaintenance.php(110): Illuminate\\Pipeline\\Pipeline->Illuminate\\Pipeline\\{closure}()
#57 /home/engintech/Full-Stack-E-Commerce/Back-End/vendor/laravel/framework/src/Illuminate/Pipeline/Pipeline.php(209): Illuminate\\Foundation\\Http\\Middleware\\PreventRequestsDuringMaintenance->handle()
#58 /home/engintech/Full-Stack-E-Commerce/Back-End/vendor/laravel/framework/src/Illuminate/Http/Middleware/HandleCors.php(49): Illuminate\\Pipeline\\Pipeline->Illuminate\\Pipeline\\{closure}()
#59 /home/engintech/Full-Stack-E-Commerce/Back-End/vendor/laravel/framework/src/Illuminate/Pipeline/Pipeline.php(209): Illuminate\\Http\\Middleware\\HandleCors->handle()
#60 /home/engintech/Full-Stack-E-Commerce/Back-End/vendor/laravel/framework/src/Illuminate/Http/Middleware/TrustProxies.php(58): Illuminate\\Pipeline\\Pipeline->Illuminate\\Pipeline\\{closure}()
#61 /home/engintech/Full-Stack-E-Commerce/Back-End/vendor/laravel/framework/src/Illuminate/Pipeline/Pipeline.php(209): Illuminate\\Http\\Middleware\\TrustProxies->handle()
#62 /home/engintech/Full-Stack-E-Commerce/Back-End/vendor/laravel/framework/src/Illuminate/Foundation/Http/Middleware/InvokeDeferredCallbacks.php(22): Illuminate\\Pipeline\\Pipeline->Illuminate\\Pipeline\\{closure}()
#63 /home/engintech/Full-Stack-E-Commerce/Back-End/vendor/laravel/framework/src/Illuminate/Pipeline/Pipeline.php(209): Illuminate\\Foundation\\Http\\Middleware\\InvokeDeferredCallbacks->handle()
#64 /home/engintech/Full-Stack-E-Commerce/Back-End/vendor/laravel/framework/src/Illuminate/Pipeline/Pipeline.php(127): Illuminate\\Pipeline\\Pipeline->Illuminate\\Pipeline\\{closure}()
#65 /home/engintech/Full-Stack-E-Commerce/Back-End/vendor/laravel/framework/src/Illuminate/Foundation/Http/Kernel.php(176): Illuminate\\Pipeline\\Pipeline->then()
#66 /home/engintech/Full-Stack-E-Commerce/Back-End/vendor/laravel/framework/src/Illuminate/Foundation/Http/Kernel.php(145): Illuminate\\Foundation\\Http\\Kernel->sendRequestThroughRouter()
#67 /home/engintech/Full-Stack-E-Commerce/Back-End/vendor/laravel/framework/src/Illuminate/Foundation/Application.php(1220): Illuminate\\Foundation\\Http\\Kernel->handle()
#68 /home/engintech/Full-Stack-E-Commerce/Back-End/public/index.php(17): Illuminate\\Foundation\\Application->handleRequest()
#69 /home/engintech/Full-Stack-E-Commerce/Back-End/vendor/laravel/framework/src/Illuminate/Foundation/resources/server.php(23): require_once('...')
#70 {main}
"} 
